<?xml version="1.0" encoding="UTF-8"?>
<testsuite xmlns:xsi="http://www.w3.org/2001/XMLSchema-instance" xsi:noNamespaceSchemaLocation="https://maven.apache.org/surefire/maven-surefire-plugin/xsd/surefire-test-report-3.0.xsd" version="3.0" name="com.example.sendnoti.SendNotiApplicationTests" time="3.534" tests="1" errors="0" skipped="0" failures="0">
  <properties>
[...]
</properties>
  <testcase name="contextLoads" classname="com.example.sendnoti.SendNotiApplicationTests" time="0.945">
    <system-out><![CDATA[15:37:13.290 [main] INFO org.springframework.test.context.support.AnnotationConfigContextLoaderUtils -- Could not detect default configuration classes for test class [com.example.sendnoti.SendNotiApplicationTests]: SendNotiApplicationTests does not declare any static, non-private, non-final, nested classes annotated with @Configuration.
15:37:13.450 [main] INFO org.springframework.boot.test.context.SpringBootTestContextBootstrapper -- Found @SpringBootConfiguration com.example.sendnoti.SendNotiApplication for test class com.example.sendnoti.SendNotiApplicationTests

  .   ____          _            __ _ _
 /\\ / ___'_ __ _ _(_)_ __  __ _ \ \ \ \
( ( )\___ | '_ | '_| | '_ \/ _` | \ \ \ \
 \\/  ___)| |_)| | | | | || (_| |  ) ) ) )
  '  |____| .__|_| |_|_| |_\__, | / / / /
 =========|_|==============|___/=/_/_/_/
 :: Spring Boot ::                (v3.2.0)

2023-12-15T15:37:13.863+07:00  INFO 10756 --- [           main] c.e.sendnoti.SendNotiApplicationTests    : Starting SendNotiApplicationTests using Java 17.0.8.1 with PID 10756 (started by cb in D:\Java_workspace\SendNoti)
2023-12-15T15:37:13.864+07:00  INFO 10756 --- [           main] c.e.sendnoti.SendNotiApplicationTests    : No active profile set, falling back to 1 default profile: "default"
2023-12-15T15:37:15.606+07:00  INFO 10756 --- [           main] c.e.sendnoti.SendNotiApplicationTests    : Started SendNotiApplicationTests in 2.005 seconds (process running for 3.065)
]]></system-out>
  </testcase>
</testsuite>